<?xml version="1.0" encoding="UTF-8"?>
<!-- Generated by org.testng.reporters.JUnitReportReporter -->
<testsuite skipped="0" hostname="DESKTOP-6HN1VBI" name="create.inProgress.CreateMails" tests="1" failures="0" timestamp="2020-02-07T14:15:16 IST" time="40.725" errors="1">
  <testcase name="create" time="40.725" classname="create.inProgress.CreateMails">
    <error type="java.lang.UnsatisfiedLinkError" message="The specified module could not be found.
">
      <![CDATA[java.lang.UnsatisfiedLinkError: The specified module could not be found.

at com.sun.jna.Native.open(Native Method)
at com.sun.jna.NativeLibrary.loadLibrary(NativeLibrary.java:263)
at com.sun.jna.NativeLibrary.getInstance(NativeLibrary.java:403)
at com.sun.jna.Library$Handler.<init>(Library.java:147)
at com.sun.jna.Native.loadLibrary(Native.java:502)
at com.sun.jna.Native.loadLibrary(Native.java:481)
at net.sourceforge.tess4j.util.LoadLibs.getTessAPIInstance(LoadLibs.java:77)
at net.sourceforge.tess4j.TessAPI.<clinit>(TessAPI.java:42)
at net.sourceforge.tess4j.Tesseract.init(Tesseract.java:367)
at net.sourceforge.tess4j.Tesseract.doOCR(Tesseract.java:280)
at net.sourceforge.tess4j.Tesseract.doOCR(Tesseract.java:212)
at net.sourceforge.tess4j.Tesseract.doOCR(Tesseract.java:196)
at create.inProgress.RediffMail.getText(RediffMail.java:64)
at create.inProgress.CreateMails.create(CreateMails.java:24)
at sun.reflect.NativeMethodAccessorImpl.invoke0(Native Method)
at sun.reflect.NativeMethodAccessorImpl.invoke(Unknown Source)
at sun.reflect.DelegatingMethodAccessorImpl.invoke(Unknown Source)
at java.lang.reflect.Method.invoke(Unknown Source)
at org.testng.internal.MethodInvocationHelper.invokeMethod(MethodInvocationHelper.java:133)
at org.testng.internal.TestInvoker.invokeMethod(TestInvoker.java:584)
at org.testng.internal.TestInvoker.invokeTestMethod(TestInvoker.java:172)
at org.testng.internal.MethodRunner.runInSequence(MethodRunner.java:46)
at org.testng.internal.TestInvoker$MethodInvocationAgent.invoke(TestInvoker.java:804)
at org.testng.internal.TestInvoker.invokeTestMethods(TestInvoker.java:145)
at org.testng.internal.TestMethodWorker.invokeTestMethods(TestMethodWorker.java:146)
at org.testng.internal.TestMethodWorker.run(TestMethodWorker.java:128)
at java.util.ArrayList.forEach(Unknown Source)
at org.testng.TestRunner.privateRun(TestRunner.java:770)
at org.testng.TestRunner.run(TestRunner.java:591)
at org.testng.SuiteRunner.runTest(SuiteRunner.java:402)
at org.testng.SuiteRunner.runSequentially(SuiteRunner.java:396)
at org.testng.SuiteRunner.privateRun(SuiteRunner.java:355)
at org.testng.SuiteRunner.run(SuiteRunner.java:304)
at org.testng.SuiteRunnerWorker.runSuite(SuiteRunnerWorker.java:53)
at org.testng.SuiteRunnerWorker.run(SuiteRunnerWorker.java:96)
at org.testng.TestNG.runSuitesSequentially(TestNG.java:1180)
at org.testng.TestNG.runSuitesLocally(TestNG.java:1102)
at org.testng.TestNG.runSuites(TestNG.java:1032)
at org.testng.TestNG.run(TestNG.java:1000)
at org.testng.remote.AbstractRemoteTestNG.run(AbstractRemoteTestNG.java:115)
at org.testng.remote.RemoteTestNG.initAndRun(RemoteTestNG.java:251)
at org.testng.remote.RemoteTestNG.main(RemoteTestNG.java:77)
]]>
    </error>
  </testcase> <!-- create -->
</testsuite> <!-- create.inProgress.CreateMails -->
