<?xml version="1.0" encoding="UTF-8"?>
<!-- Generated by org.testng.reporters.JUnitReportReporter -->
<testsuite skipped="0" hostname="DESKTOP-C5VSAH8" name="create.inProgress.CreateMails" tests="1" failures="0" timestamp="18 Aug 2019 07:44:46 GMT" time="7.377" errors="0">
  <testcase name="create" time="7.377" classname="create.inProgress.CreateMails"/>
</testsuite> <!-- create.inProgress.CreateMails -->
