<?xml version="1.0" encoding="UTF-8"?>
<!-- Generated by org.testng.reporters.JUnitReportReporter -->
<testsuite skipped="0" hostname="DESKTOP-6HN1VBI" name="create.inProgress.CreateMails" tests="1" failures="0" timestamp="2019-11-23T12:44:21 IST" time="76.047" errors="0">
  <testcase name="create" time="76.047" classname="create.inProgress.CreateMails"/>
</testsuite> <!-- create.inProgress.CreateMails -->
