<?xml version="1.0" encoding="UTF-8"?>
<!-- Generated by org.testng.reporters.JUnitReportReporter -->
<testsuite skipped="0" hostname="DESKTOP-6HN1VBI" name="create.inProgress.CreateMails" tests="1" failures="0" timestamp="2020-01-29T00:11:02 IST" time="42.954" errors="0">
  <testcase name="create" time="42.954" classname="create.inProgress.CreateMails"/>
</testsuite> <!-- create.inProgress.CreateMails -->
