<?xml version="1.0" encoding="UTF-8"?>
<!-- Generated by org.testng.reporters.JUnitReportReporter -->
<testsuite skipped="0" hostname="DESKTOP-C5VSAH8" name="create.inProgress.CreateMails" tests="1" failures="0" timestamp="15 Aug 2019 08:04:33 GMT" time="0.050" errors="0">
  <testcase name="create" time="0.050" classname="create.inProgress.CreateMails"/>
</testsuite> <!-- create.inProgress.CreateMails -->
