<?xml version="1.0" encoding="UTF-8"?>
<!-- Generated by org.testng.reporters.JUnitReportReporter -->
<testsuite skipped="0" hostname="DESKTOP-6HN1VBI" name="create.inProgress.CreateMails" tests="1" failures="0" timestamp="2020-02-01T23:32:29 IST" time="19.810" errors="0">
  <testcase name="create" time="19.810" classname="create.inProgress.CreateMails"/>
</testsuite> <!-- create.inProgress.CreateMails -->
