<?xml version="1.0" encoding="UTF-8"?>
<!-- Generated by org.testng.reporters.JUnitReportReporter -->
<testsuite skipped="0" hostname="DESKTOP-6HN1VBI" name="create.inProgress.CreateMails" tests="1" failures="0" timestamp="2020-01-27T00:00:51 IST" time="37.831" errors="0">
  <testcase name="create" time="37.831" classname="create.inProgress.CreateMails"/>
</testsuite> <!-- create.inProgress.CreateMails -->
